2025-04-18 12:00:54 - Could not detect default configuration classes for test class [net.engineeringdigest.journalApp.UserShedulerTest.UserShedulerTest]: UserShedulerTest does not declare any static, non-private, non-final, nested classes annotated with @Configuration.
2025-04-18 12:00:54 - Found @SpringBootConfiguration net.engineeringdigest.journalApp.JournalApplication for test class net.engineeringdigest.journalApp.UserShedulerTest.UserShedulerTest
2025-04-18 12:00:54 - Restart disabled due to context in which it is running
2025-04-18 12:00:54 - Starting UserShedulerTest using Java 21.0.6 with PID 65969 (started by pushpakjangela in /Users/pushpakjangela/Downloads/journal/JournalApp)
2025-04-18 12:00:54 - Running with Spring Boot v3.3.8, Spring v6.1.16
2025-04-18 12:00:54 - The following 1 profile is active: "dev"
2025-04-18 12:00:54 - Multiple Spring Data modules found, entering strict repository configuration mode
2025-04-18 12:00:54 - Bootstrapping Spring Data MongoDB repositories in DEFAULT mode.
2025-04-18 12:00:54 - Finished Spring Data repository scanning in 43 ms. Found 3 MongoDB repository interfaces.
2025-04-18 12:00:54 - Multiple Spring Data modules found, entering strict repository configuration mode
2025-04-18 12:00:54 - Bootstrapping Spring Data Redis repositories in DEFAULT mode.
2025-04-18 12:00:54 - Spring Data Redis - Could not safely identify store assignment for repository candidate interface net.engineeringdigest.journalApp.repository.ConfigJournalAppRepository; If you want this repository to be a Redis repository, consider annotating your entities with one of these annotations: org.springframework.data.redis.core.RedisHash (preferred), or consider extending one of the following types with your repository: org.springframework.data.keyvalue.repository.KeyValueRepository
2025-04-18 12:00:54 - Spring Data Redis - Could not safely identify store assignment for repository candidate interface net.engineeringdigest.journalApp.repository.JournalEntryRepository; If you want this repository to be a Redis repository, consider annotating your entities with one of these annotations: org.springframework.data.redis.core.RedisHash (preferred), or consider extending one of the following types with your repository: org.springframework.data.keyvalue.repository.KeyValueRepository
2025-04-18 12:00:54 - Spring Data Redis - Could not safely identify store assignment for repository candidate interface net.engineeringdigest.journalApp.repository.UserRepository; If you want this repository to be a Redis repository, consider annotating your entities with one of these annotations: org.springframework.data.redis.core.RedisHash (preferred), or consider extending one of the following types with your repository: org.springframework.data.keyvalue.repository.KeyValueRepository
2025-04-18 12:00:54 - Finished Spring Data repository scanning in 2 ms. Found 0 Redis repository interfaces.
2025-04-18 12:00:54 - MongoClient with metadata {"driver": {"name": "mongo-java-driver|sync|spring-boot", "version": "5.0.1"}, "os": {"type": "Darwin", "name": "Mac OS X", "architecture": "aarch64", "version": "15.3.2"}, "platform": "Java/Oracle Corporation/21.0.6+8-LTS-188"} created with settings MongoClientSettings{readPreference=primary, writeConcern=WriteConcern{w=null, wTimeout=null ms, journal=null}, retryWrites=true, retryReads=true, readConcern=ReadConcern{level=null}, credential=MongoCredential{mechanism=null, userName='pushpakjangela', source='admin', password=<hidden>, mechanismProperties=<hidden>}, transportSettings=null, commandListeners=[], codecRegistry=ProvidersCodecRegistry{codecProviders=[ValueCodecProvider{}, BsonValueCodecProvider{}, DBRefCodecProvider{}, DBObjectCodecProvider{}, DocumentCodecProvider{}, CollectionCodecProvider{}, IterableCodecProvider{}, MapCodecProvider{}, GeoJsonCodecProvider{}, GridFSFileCodecProvider{}, Jsr310CodecProvider{}, JsonObjectCodecProvider{}, BsonCodecProvider{}, EnumCodecProvider{}, com.mongodb.client.model.mql.ExpressionCodecProvider@727986ad, com.mongodb.Jep395RecordCodecProvider@1600a8a2, com.mongodb.KotlinCodecProvider@6b25ef1c]}, loggerSettings=LoggerSettings{maxDocumentLength=1000}, clusterSettings={hosts=[127.0.0.1:27017], srvHost=pushpak.hpo8o.mongodb.net, srvServiceName=mongodb, mode=MULTIPLE, requiredClusterType=REPLICA_SET, requiredReplicaSetName='atlas-ty4kjk-shard-0', serverSelector='null', clusterListeners='[]', serverSelectionTimeout='30000 ms', localThreshold='15 ms'}, socketSettings=SocketSettings{connectTimeoutMS=10000, readTimeoutMS=0, receiveBufferSize=0, proxySettings=ProxySettings{host=null, port=null, username=null, password=null}}, heartbeatSocketSettings=SocketSettings{connectTimeoutMS=10000, readTimeoutMS=10000, receiveBufferSize=0, proxySettings=ProxySettings{host=null, port=null, username=null, password=null}}, connectionPoolSettings=ConnectionPoolSettings{maxSize=100, minSize=0, maxWaitTimeMS=120000, maxConnectionLifeTimeMS=0, maxConnectionIdleTimeMS=0, maintenanceInitialDelayMS=0, maintenanceFrequencyMS=60000, connectionPoolListeners=[], maxConnecting=2}, serverSettings=ServerSettings{heartbeatFrequencyMS=10000, minHeartbeatFrequencyMS=500, serverListeners='[]', serverMonitorListeners='[]'}, sslSettings=SslSettings{enabled=true, invalidHostNameAllowed=false, context=null}, applicationName='null', compressorList=[], uuidRepresentation=JAVA_LEGACY, serverApi=null, autoEncryptionSettings=null, dnsClient=null, inetAddressResolver=null, contextProvider=null}
2025-04-18 12:00:54 - Waiting for server to become available for operation with ID 1. Remaining time: 30000 ms. Selector: WritableServerSelector, topology description: {type=UNKNOWN, servers=[].
2025-04-18 12:00:55 - Adding discovered server pushpak-shard-00-01.hpo8o.mongodb.net:27017 to client view of cluster
2025-04-18 12:00:55 - Adding discovered server pushpak-shard-00-02.hpo8o.mongodb.net:27017 to client view of cluster
2025-04-18 12:00:55 - Adding discovered server pushpak-shard-00-00.hpo8o.mongodb.net:27017 to client view of cluster
2025-04-18 12:00:55 - Monitor thread successfully connected to server with description ServerDescription{address=pushpak-shard-00-01.hpo8o.mongodb.net:27017, type=REPLICA_SET_SECONDARY, state=CONNECTED, ok=true, minWireVersion=0, maxWireVersion=25, maxDocumentSize=16777216, logicalSessionTimeoutMinutes=30, roundTripTimeNanos=133346417, setName='atlas-ty4kjk-shard-0', canonicalAddress=pushpak-shard-00-01.hpo8o.mongodb.net:27017, hosts=[pushpak-shard-00-01.hpo8o.mongodb.net:27017, pushpak-shard-00-02.hpo8o.mongodb.net:27017, pushpak-shard-00-00.hpo8o.mongodb.net:27017], passives=[], arbiters=[], primary='pushpak-shard-00-02.hpo8o.mongodb.net:27017', tagSet=TagSet{[Tag{name='availabilityZone', value='aps1-az3'}, Tag{name='diskState', value='READY'}, Tag{name='nodeType', value='ELECTABLE'}, Tag{name='provider', value='AWS'}, Tag{name='region', value='AP_SOUTH_1'}, Tag{name='workloadType', value='OPERATIONAL'}]}, electionId=null, setVersion=1, topologyVersion=TopologyVersion{processId=67fdfe73d8255fa7f3f4ba91, counter=3}, lastWriteDate=Fri Apr 18 12:00:48 IST 2025, lastUpdateTimeNanos=31699487367166}
2025-04-18 12:00:55 - Monitor thread successfully connected to server with description ServerDescription{address=pushpak-shard-00-02.hpo8o.mongodb.net:27017, type=REPLICA_SET_PRIMARY, state=CONNECTED, ok=true, minWireVersion=0, maxWireVersion=25, maxDocumentSize=16777216, logicalSessionTimeoutMinutes=30, roundTripTimeNanos=80803375, setName='atlas-ty4kjk-shard-0', canonicalAddress=pushpak-shard-00-02.hpo8o.mongodb.net:27017, hosts=[pushpak-shard-00-01.hpo8o.mongodb.net:27017, pushpak-shard-00-02.hpo8o.mongodb.net:27017, pushpak-shard-00-00.hpo8o.mongodb.net:27017], passives=[], arbiters=[], primary='pushpak-shard-00-02.hpo8o.mongodb.net:27017', tagSet=TagSet{[Tag{name='availabilityZone', value='aps1-az2'}, Tag{name='diskState', value='READY'}, Tag{name='nodeType', value='ELECTABLE'}, Tag{name='provider', value='AWS'}, Tag{name='region', value='AP_SOUTH_1'}, Tag{name='workloadType', value='OPERATIONAL'}]}, electionId=7fffffff0000000000000069, setVersion=1, topologyVersion=TopologyVersion{processId=67fdfd25684f754259eea5b3, counter=6}, lastWriteDate=Fri Apr 18 12:00:48 IST 2025, lastUpdateTimeNanos=31699487375083}
2025-04-18 12:00:55 - Monitor thread successfully connected to server with description ServerDescription{address=pushpak-shard-00-00.hpo8o.mongodb.net:27017, type=REPLICA_SET_SECONDARY, state=CONNECTED, ok=true, minWireVersion=0, maxWireVersion=25, maxDocumentSize=16777216, logicalSessionTimeoutMinutes=30, roundTripTimeNanos=142443792, setName='atlas-ty4kjk-shard-0', canonicalAddress=pushpak-shard-00-00.hpo8o.mongodb.net:27017, hosts=[pushpak-shard-00-01.hpo8o.mongodb.net:27017, pushpak-shard-00-02.hpo8o.mongodb.net:27017, pushpak-shard-00-00.hpo8o.mongodb.net:27017], passives=[], arbiters=[], primary='pushpak-shard-00-02.hpo8o.mongodb.net:27017', tagSet=TagSet{[Tag{name='availabilityZone', value='aps1-az1'}, Tag{name='diskState', value='READY'}, Tag{name='nodeType', value='ELECTABLE'}, Tag{name='provider', value='AWS'}, Tag{name='region', value='AP_SOUTH_1'}, Tag{name='workloadType', value='OPERATIONAL'}]}, electionId=null, setVersion=1, topologyVersion=TopologyVersion{processId=67fdfbd46d6a272aa9308ada, counter=4}, lastWriteDate=Fri Apr 18 12:00:48 GMT+05:30 2025, lastUpdateTimeNanos=31699487367166}
2025-04-18 12:00:55 - Discovered replica set primary pushpak-shard-00-02.hpo8o.mongodb.net:27017 with max election id 7fffffff0000000000000069 and max set version 1
2025-04-18 12:00:55 - Global AuthenticationManager configured with UserDetailsService bean with name userDetailsServiceIml
2025-04-18 12:00:56 - ConsumerConfig values: 
	allow.auto.create.topics = true
	auto.commit.interval.ms = 5000
	auto.include.jmx.reporter = true
	auto.offset.reset = latest
	bootstrap.servers = [pkc-9q8rv.ap-south-2.aws.confluent.cloud:9092]
	check.crcs = true
	client.dns.lookup = use_all_dns_ips
	client.id = consumer-weekly_sentiments_group-1
	client.rack = 
	connections.max.idle.ms = 540000
	default.api.timeout.ms = 60000
	enable.auto.commit = false
	enable.metrics.push = true
	exclude.internal.topics = true
	fetch.max.bytes = 52428800
	fetch.max.wait.ms = 500
	fetch.min.bytes = 1
	group.id = weekly_sentiments_group
	group.instance.id = null
	group.protocol = classic
	group.remote.assignor = null
	heartbeat.interval.ms = 3000
	interceptor.classes = []
	internal.leave.group.on.close = true
	internal.throw.on.fetch.stable.offset.unsupported = false
	isolation.level = read_uncommitted
	key.deserializer = class org.apache.kafka.common.serialization.StringDeserializer
	max.partition.fetch.bytes = 1048576
	max.poll.interval.ms = 300000
	max.poll.records = 500
	metadata.max.age.ms = 300000
	metric.reporters = []
	metrics.num.samples = 2
	metrics.recording.level = INFO
	metrics.sample.window.ms = 30000
	partition.assignment.strategy = [class org.apache.kafka.clients.consumer.RangeAssignor, class org.apache.kafka.clients.consumer.CooperativeStickyAssignor]
	receive.buffer.bytes = 65536
	reconnect.backoff.max.ms = 1000
	reconnect.backoff.ms = 50
	request.timeout.ms = 30000
	retry.backoff.max.ms = 1000
	retry.backoff.ms = 100
	sasl.client.callback.handler.class = null
	sasl.jaas.config = [hidden]
	sasl.kerberos.kinit.cmd = /usr/bin/kinit
	sasl.kerberos.min.time.before.relogin = 60000
	sasl.kerberos.service.name = null
	sasl.kerberos.ticket.renew.jitter = 0.05
	sasl.kerberos.ticket.renew.window.factor = 0.8
	sasl.login.callback.handler.class = null
	sasl.login.class = null
	sasl.login.connect.timeout.ms = null
	sasl.login.read.timeout.ms = null
	sasl.login.refresh.buffer.seconds = 300
	sasl.login.refresh.min.period.seconds = 60
	sasl.login.refresh.window.factor = 0.8
	sasl.login.refresh.window.jitter = 0.05
	sasl.login.retry.backoff.max.ms = 10000
	sasl.login.retry.backoff.ms = 100
	sasl.mechanism = PLAIN
	sasl.oauthbearer.clock.skew.seconds = 30
	sasl.oauthbearer.expected.audience = null
	sasl.oauthbearer.expected.issuer = null
	sasl.oauthbearer.jwks.endpoint.refresh.ms = 3600000
	sasl.oauthbearer.jwks.endpoint.retry.backoff.max.ms = 10000
	sasl.oauthbearer.jwks.endpoint.retry.backoff.ms = 100
	sasl.oauthbearer.jwks.endpoint.url = null
	sasl.oauthbearer.scope.claim.name = scope
	sasl.oauthbearer.sub.claim.name = sub
	sasl.oauthbearer.token.endpoint.url = null
	security.protocol = SASL_SSL
	security.providers = null
	send.buffer.bytes = 131072
	session.timeout.ms = 45000
	socket.connection.setup.timeout.max.ms = 30000
	socket.connection.setup.timeout.ms = 10000
	ssl.cipher.suites = null
	ssl.enabled.protocols = [TLSv1.2, TLSv1.3]
	ssl.endpoint.identification.algorithm = https
	ssl.engine.factory.class = null
	ssl.key.password = null
	ssl.keymanager.algorithm = SunX509
	ssl.keystore.certificate.chain = null
	ssl.keystore.key = null
	ssl.keystore.location = null
	ssl.keystore.password = null
	ssl.keystore.type = JKS
	ssl.protocol = TLSv1.3
	ssl.provider = null
	ssl.secure.random.implementation = null
	ssl.trustmanager.algorithm = PKIX
	ssl.truststore.certificates = null
	ssl.truststore.location = null
	ssl.truststore.password = null
	ssl.truststore.type = JKS
	value.deserializer = class org.springframework.kafka.support.serializer.JsonDeserializer

2025-04-18 12:00:56 - initializing Kafka metrics collector
2025-04-18 12:00:56 - Successfully logged in.
2025-04-18 12:00:56 - Kafka version: 3.7.2
2025-04-18 12:00:56 - Kafka commitId: 79a8f2b5f44f9d5a
2025-04-18 12:00:56 - Kafka startTimeMs: 1744957856437
2025-04-18 12:00:56 - [Consumer clientId=consumer-weekly_sentiments_group-1, groupId=weekly_sentiments_group] Subscribed to topic(s): weekly_sentiments
2025-04-18 12:00:56 - Started UserShedulerTest in 2.154 seconds (process running for 2.551)
2025-04-18 12:00:56 - [Consumer clientId=consumer-weekly_sentiments_group-1, groupId=weekly_sentiments_group] Cluster ID: lkc-n3r66d
2025-04-18 12:00:56 - [Consumer clientId=consumer-weekly_sentiments_group-1, groupId=weekly_sentiments_group] Discovered group coordinator b6-pkc-9q8rv.ap-south-2.aws.confluent.cloud:9092 (id: 2147483641 rack: null)
2025-04-18 12:00:56 - [Consumer clientId=consumer-weekly_sentiments_group-1, groupId=weekly_sentiments_group] (Re-)joining group
2025-04-18 12:00:56 - Client telemetry registered with client instance id: CVVR3EcmRkuWPQTOcCIVxg
2025-04-18 12:00:56 - :User  jangela, Total Journal Entries: 1
2025-04-18 12:00:56 - Mapped Sentiments: []
2025-04-18 12:00:56 - :User  chintu, Total Journal Entries: 3
2025-04-18 12:00:56 - Mapped Sentiments: [SAD, HAPPY, HAPPY]
2025-04-18 12:00:56 - Most frequent sentiment: HAPPY
2025-04-18 12:00:56 - ProducerConfig values: 
	acks = -1
	auto.include.jmx.reporter = true
	batch.size = 16384
	bootstrap.servers = [pkc-9q8rv.ap-south-2.aws.confluent.cloud:9092]
	buffer.memory = 33554432
	client.dns.lookup = use_all_dns_ips
	client.id = JournalApp-producer-1
	compression.type = none
	connections.max.idle.ms = 540000
	delivery.timeout.ms = 120000
	enable.idempotence = true
	enable.metrics.push = true
	interceptor.classes = []
	key.serializer = class org.apache.kafka.common.serialization.StringSerializer
	linger.ms = 0
	max.block.ms = 60000
	max.in.flight.requests.per.connection = 5
	max.request.size = 1048576
	metadata.max.age.ms = 300000
	metadata.max.idle.ms = 300000
	metric.reporters = []
	metrics.num.samples = 2
	metrics.recording.level = INFO
	metrics.sample.window.ms = 30000
	partitioner.adaptive.partitioning.enable = true
	partitioner.availability.timeout.ms = 0
	partitioner.class = null
	partitioner.ignore.keys = false
	receive.buffer.bytes = 32768
	reconnect.backoff.max.ms = 1000
	reconnect.backoff.ms = 50
	request.timeout.ms = 30000
	retries = 2147483647
	retry.backoff.max.ms = 1000
	retry.backoff.ms = 100
	sasl.client.callback.handler.class = null
	sasl.jaas.config = [hidden]
	sasl.kerberos.kinit.cmd = /usr/bin/kinit
	sasl.kerberos.min.time.before.relogin = 60000
	sasl.kerberos.service.name = null
	sasl.kerberos.ticket.renew.jitter = 0.05
	sasl.kerberos.ticket.renew.window.factor = 0.8
	sasl.login.callback.handler.class = null
	sasl.login.class = null
	sasl.login.connect.timeout.ms = null
	sasl.login.read.timeout.ms = null
	sasl.login.refresh.buffer.seconds = 300
	sasl.login.refresh.min.period.seconds = 60
	sasl.login.refresh.window.factor = 0.8
	sasl.login.refresh.window.jitter = 0.05
	sasl.login.retry.backoff.max.ms = 10000
	sasl.login.retry.backoff.ms = 100
	sasl.mechanism = PLAIN
	sasl.oauthbearer.clock.skew.seconds = 30
	sasl.oauthbearer.expected.audience = null
	sasl.oauthbearer.expected.issuer = null
	sasl.oauthbearer.jwks.endpoint.refresh.ms = 3600000
	sasl.oauthbearer.jwks.endpoint.retry.backoff.max.ms = 10000
	sasl.oauthbearer.jwks.endpoint.retry.backoff.ms = 100
	sasl.oauthbearer.jwks.endpoint.url = null
	sasl.oauthbearer.scope.claim.name = scope
	sasl.oauthbearer.sub.claim.name = sub
	sasl.oauthbearer.token.endpoint.url = null
	security.protocol = SASL_SSL
	security.providers = null
	send.buffer.bytes = 131072
	socket.connection.setup.timeout.max.ms = 30000
	socket.connection.setup.timeout.ms = 10000
	ssl.cipher.suites = null
	ssl.enabled.protocols = [TLSv1.2, TLSv1.3]
	ssl.endpoint.identification.algorithm = https
	ssl.engine.factory.class = null
	ssl.key.password = null
	ssl.keymanager.algorithm = SunX509
	ssl.keystore.certificate.chain = null
	ssl.keystore.key = null
	ssl.keystore.location = null
	ssl.keystore.password = null
	ssl.keystore.type = JKS
	ssl.protocol = TLSv1.3
	ssl.provider = null
	ssl.secure.random.implementation = null
	ssl.trustmanager.algorithm = PKIX
	ssl.truststore.certificates = null
	ssl.truststore.location = null
	ssl.truststore.password = null
	ssl.truststore.type = JKS
	transaction.timeout.ms = 60000
	transactional.id = null
	value.serializer = class org.springframework.kafka.support.serializer.JsonSerializer

2025-04-18 12:00:56 - initializing Kafka metrics collector
2025-04-18 12:00:56 - [Producer clientId=JournalApp-producer-1] Instantiated an idempotent producer.
2025-04-18 12:00:56 - These configurations '[session.timeout.ms]' were supplied but are not used yet.
2025-04-18 12:00:56 - Kafka version: 3.7.2
2025-04-18 12:00:56 - Kafka commitId: 79a8f2b5f44f9d5a
2025-04-18 12:00:56 - Kafka startTimeMs: 1744957856956
2025-04-18 12:00:57 - [Consumer clientId=consumer-weekly_sentiments_group-1, groupId=weekly_sentiments_group] Request joining group due to: need to re-join with the given member-id: consumer-weekly_sentiments_group-1-2adf4a9c-15aa-4d03-b754-0690fa1c65eb
2025-04-18 12:00:57 - [Consumer clientId=consumer-weekly_sentiments_group-1, groupId=weekly_sentiments_group] (Re-)joining group
2025-04-18 12:00:57 - [Consumer clientId=consumer-weekly_sentiments_group-1, groupId=weekly_sentiments_group] Successfully joined group with generation Generation{generationId=7, memberId='consumer-weekly_sentiments_group-1-2adf4a9c-15aa-4d03-b754-0690fa1c65eb', protocol='range'}
2025-04-18 12:00:57 - [Consumer clientId=consumer-weekly_sentiments_group-1, groupId=weekly_sentiments_group] Finished assignment for group at generation 7: {consumer-weekly_sentiments_group-1-2adf4a9c-15aa-4d03-b754-0690fa1c65eb=Assignment(partitions=[weekly_sentiments-0, weekly_sentiments-1, weekly_sentiments-2, weekly_sentiments-3, weekly_sentiments-4, weekly_sentiments-5])}
2025-04-18 12:00:57 - [Producer clientId=JournalApp-producer-1] Error while fetching metadata with correlation id 1 : {sentiments=UNKNOWN_TOPIC_OR_PARTITION}
2025-04-18 12:00:57 - [Producer clientId=JournalApp-producer-1] Cluster ID: lkc-n3r66d
2025-04-18 12:00:57 - [Producer clientId=JournalApp-producer-1] ProducerId set to 661008 with epoch 0
2025-04-18 12:00:57 - Client telemetry registered with client instance id: TwMTD8urRVeIJxB4JWuTzA
2025-04-18 12:00:57 - [Consumer clientId=consumer-weekly_sentiments_group-1, groupId=weekly_sentiments_group] Successfully synced group in generation Generation{generationId=7, memberId='consumer-weekly_sentiments_group-1-2adf4a9c-15aa-4d03-b754-0690fa1c65eb', protocol='range'}
2025-04-18 12:00:57 - [Consumer clientId=consumer-weekly_sentiments_group-1, groupId=weekly_sentiments_group] Notifying assignor about the new Assignment(partitions=[weekly_sentiments-0, weekly_sentiments-1, weekly_sentiments-2, weekly_sentiments-3, weekly_sentiments-4, weekly_sentiments-5])
2025-04-18 12:00:57 - [Consumer clientId=consumer-weekly_sentiments_group-1, groupId=weekly_sentiments_group] Adding newly assigned partitions: weekly_sentiments-0, weekly_sentiments-1, weekly_sentiments-2, weekly_sentiments-3, weekly_sentiments-4, weekly_sentiments-5
2025-04-18 12:00:57 - Setting offset for partition weekly_sentiments-2 to the committed offset FetchPosition{offset=0, offsetEpoch=Optional.empty, currentLeader=LeaderAndEpoch{leader=Optional[b10-pkc-9q8rv.ap-south-2.aws.confluent.cloud:9092 (id: 10 rack: aps2-az2)], epoch=0}}
2025-04-18 12:00:57 - Setting offset for partition weekly_sentiments-3 to the committed offset FetchPosition{offset=0, offsetEpoch=Optional.empty, currentLeader=LeaderAndEpoch{leader=Optional[b0-pkc-9q8rv.ap-south-2.aws.confluent.cloud:9092 (id: 0 rack: aps2-az1)], epoch=0}}
2025-04-18 12:00:57 - Setting offset for partition weekly_sentiments-0 to the committed offset FetchPosition{offset=0, offsetEpoch=Optional.empty, currentLeader=LeaderAndEpoch{leader=Optional[b9-pkc-9q8rv.ap-south-2.aws.confluent.cloud:9092 (id: 9 rack: aps2-az1)], epoch=0}}
2025-04-18 12:00:57 - Setting offset for partition weekly_sentiments-1 to the committed offset FetchPosition{offset=0, offsetEpoch=Optional.empty, currentLeader=LeaderAndEpoch{leader=Optional[b8-pkc-9q8rv.ap-south-2.aws.confluent.cloud:9092 (id: 8 rack: aps2-az3)], epoch=0}}
2025-04-18 12:00:57 - Setting offset for partition weekly_sentiments-4 to the committed offset FetchPosition{offset=0, offsetEpoch=Optional.empty, currentLeader=LeaderAndEpoch{leader=Optional[b11-pkc-9q8rv.ap-south-2.aws.confluent.cloud:9092 (id: 11 rack: aps2-az3)], epoch=0}}
2025-04-18 12:00:57 - Setting offset for partition weekly_sentiments-5 to the committed offset FetchPosition{offset=0, offsetEpoch=Optional.empty, currentLeader=LeaderAndEpoch{leader=Optional[b4-pkc-9q8rv.ap-south-2.aws.confluent.cloud:9092 (id: 4 rack: aps2-az2)], epoch=0}}
2025-04-18 12:00:57 - weekly_sentiments_group: partitions assigned: [weekly_sentiments-0, weekly_sentiments-1, weekly_sentiments-2, weekly_sentiments-3, weekly_sentiments-4, weekly_sentiments-5]
2025-04-18 12:00:57 - [Producer clientId=JournalApp-producer-1] Error while fetching metadata with correlation id 5 : {sentiments=UNKNOWN_TOPIC_OR_PARTITION}
2025-04-18 12:00:57 - [Producer clientId=JournalApp-producer-1] Error while fetching metadata with correlation id 6 : {sentiments=UNKNOWN_TOPIC_OR_PARTITION}
2025-04-18 12:00:58 - [Producer clientId=JournalApp-producer-1] Error while fetching metadata with correlation id 7 : {sentiments=UNKNOWN_TOPIC_OR_PARTITION}
2025-04-18 12:00:59 - [Producer clientId=JournalApp-producer-1] Error while fetching metadata with correlation id 8 : {sentiments=UNKNOWN_TOPIC_OR_PARTITION}
