2025-04-18 12:01:00 - [Producer clientId=JournalApp-producer-1] Error while fetching metadata with correlation id 9 : {sentiments=UNKNOWN_TOPIC_OR_PARTITION}
2025-04-18 12:01:01 - [Producer clientId=JournalApp-producer-1] Error while fetching metadata with correlation id 10 : {sentiments=UNKNOWN_TOPIC_OR_PARTITION}
2025-04-18 12:01:02 - [Producer clientId=JournalApp-producer-1] Error while fetching metadata with correlation id 11 : {sentiments=UNKNOWN_TOPIC_OR_PARTITION}
2025-04-18 12:01:03 - [Producer clientId=JournalApp-producer-1] Error while fetching metadata with correlation id 12 : {sentiments=UNKNOWN_TOPIC_OR_PARTITION}
2025-04-18 12:01:04 - [Producer clientId=JournalApp-producer-1] Error while fetching metadata with correlation id 13 : {sentiments=UNKNOWN_TOPIC_OR_PARTITION}
2025-04-18 12:01:05 - [Producer clientId=JournalApp-producer-1] Error while fetching metadata with correlation id 14 : {sentiments=UNKNOWN_TOPIC_OR_PARTITION}
2025-04-18 12:01:06 - [Producer clientId=JournalApp-producer-1] Error while fetching metadata with correlation id 15 : {sentiments=UNKNOWN_TOPIC_OR_PARTITION}
2025-04-18 12:01:07 - [Producer clientId=JournalApp-producer-1] Error while fetching metadata with correlation id 16 : {sentiments=UNKNOWN_TOPIC_OR_PARTITION}
2025-04-18 12:01:08 - [Producer clientId=JournalApp-producer-1] Error while fetching metadata with correlation id 17 : {sentiments=UNKNOWN_TOPIC_OR_PARTITION}
2025-04-18 12:01:09 - [Producer clientId=JournalApp-producer-1] Error while fetching metadata with correlation id 18 : {sentiments=UNKNOWN_TOPIC_OR_PARTITION}
2025-04-18 12:01:10 - [Producer clientId=JournalApp-producer-1] Error while fetching metadata with correlation id 19 : {sentiments=UNKNOWN_TOPIC_OR_PARTITION}
2025-04-18 12:01:11 - [Producer clientId=JournalApp-producer-1] Error while fetching metadata with correlation id 20 : {sentiments=UNKNOWN_TOPIC_OR_PARTITION}
2025-04-18 12:01:12 - [Producer clientId=JournalApp-producer-1] Error while fetching metadata with correlation id 21 : {sentiments=UNKNOWN_TOPIC_OR_PARTITION}
2025-04-18 12:01:13 - [Producer clientId=JournalApp-producer-1] Error while fetching metadata with correlation id 22 : {sentiments=UNKNOWN_TOPIC_OR_PARTITION}
2025-04-18 12:01:14 - [Producer clientId=JournalApp-producer-1] Error while fetching metadata with correlation id 23 : {sentiments=UNKNOWN_TOPIC_OR_PARTITION}
2025-04-18 12:01:15 - [Producer clientId=JournalApp-producer-1] Error while fetching metadata with correlation id 24 : {sentiments=UNKNOWN_TOPIC_OR_PARTITION}
2025-04-18 12:01:16 - [Producer clientId=JournalApp-producer-1] Error while fetching metadata with correlation id 25 : {sentiments=UNKNOWN_TOPIC_OR_PARTITION}
2025-04-18 12:01:17 - [Producer clientId=JournalApp-producer-1] Error while fetching metadata with correlation id 26 : {sentiments=UNKNOWN_TOPIC_OR_PARTITION}
2025-04-18 12:01:18 - [Producer clientId=JournalApp-producer-1] Error while fetching metadata with correlation id 27 : {sentiments=UNKNOWN_TOPIC_OR_PARTITION}
2025-04-18 12:01:19 - [Producer clientId=JournalApp-producer-1] Error while fetching metadata with correlation id 28 : {sentiments=UNKNOWN_TOPIC_OR_PARTITION}
2025-04-18 12:01:20 - [Producer clientId=JournalApp-producer-1] Error while fetching metadata with correlation id 29 : {sentiments=UNKNOWN_TOPIC_OR_PARTITION}
2025-04-18 12:01:21 - [Producer clientId=JournalApp-producer-1] Error while fetching metadata with correlation id 30 : {sentiments=UNKNOWN_TOPIC_OR_PARTITION}
2025-04-18 12:01:22 - [Producer clientId=JournalApp-producer-1] Error while fetching metadata with correlation id 31 : {sentiments=UNKNOWN_TOPIC_OR_PARTITION}
2025-04-18 12:01:23 - [Consumer clientId=consumer-weekly_sentiments_group-1, groupId=weekly_sentiments_group] Revoke previously assigned partitions weekly_sentiments-0, weekly_sentiments-1, weekly_sentiments-2, weekly_sentiments-3, weekly_sentiments-4, weekly_sentiments-5
2025-04-18 12:01:23 - weekly_sentiments_group: partitions revoked: [weekly_sentiments-0, weekly_sentiments-1, weekly_sentiments-2, weekly_sentiments-3, weekly_sentiments-4, weekly_sentiments-5]
2025-04-18 12:01:23 - [Consumer clientId=consumer-weekly_sentiments_group-1, groupId=weekly_sentiments_group] Member consumer-weekly_sentiments_group-1-2adf4a9c-15aa-4d03-b754-0690fa1c65eb sending LeaveGroup request to coordinator b6-pkc-9q8rv.ap-south-2.aws.confluent.cloud:9092 (id: 2147483641 rack: null) due to the consumer unsubscribed from all topics
2025-04-18 12:01:23 - [Consumer clientId=consumer-weekly_sentiments_group-1, groupId=weekly_sentiments_group] Resetting generation and member id due to: consumer pro-actively leaving the group
2025-04-18 12:01:23 - [Consumer clientId=consumer-weekly_sentiments_group-1, groupId=weekly_sentiments_group] Request joining group due to: consumer pro-actively leaving the group
2025-04-18 12:01:23 - [Consumer clientId=consumer-weekly_sentiments_group-1, groupId=weekly_sentiments_group] Unsubscribed all topics or patterns and assigned partitions
2025-04-18 12:01:23 - [Consumer clientId=consumer-weekly_sentiments_group-1, groupId=weekly_sentiments_group] Resetting generation and member id due to: consumer pro-actively leaving the group
2025-04-18 12:01:23 - [Consumer clientId=consumer-weekly_sentiments_group-1, groupId=weekly_sentiments_group] Request joining group due to: consumer pro-actively leaving the group
2025-04-18 12:01:23 - Metrics scheduler closed
2025-04-18 12:01:23 - Closing reporter org.apache.kafka.common.metrics.JmxReporter
2025-04-18 12:01:23 - Closing reporter org.apache.kafka.common.telemetry.internals.ClientTelemetryReporter
2025-04-18 12:01:23 - Metrics reporters closed
2025-04-18 12:01:23 - App info kafka.consumer for consumer-weekly_sentiments_group-1 unregistered
2025-04-18 12:01:23 - weekly_sentiments_group: Consumer stopped
2025-04-18 12:01:23 - [Producer clientId=JournalApp-producer-1] Closing the Kafka producer with timeoutMillis = 30000 ms.
2025-04-18 12:01:23 - Metrics scheduler closed
2025-04-18 12:01:23 - Closing reporter org.apache.kafka.common.metrics.JmxReporter
2025-04-18 12:01:23 - Closing reporter org.apache.kafka.common.telemetry.internals.ClientTelemetryReporter
2025-04-18 12:01:23 - Metrics reporters closed
2025-04-18 12:01:23 - App info kafka.producer for JournalApp-producer-1 unregistered
