2025-04-10 23:02:05 - this is the sentiments
2025-04-10 23:02:05 - this is the sentiments
2025-04-10 23:02:05 - this is the sentiments
2025-04-10 23:02:06 - Could not detect default configuration classes for test class [net.engineeringdigest.journalApp.UserShedulerTest.UserShedulerTest]: UserShedulerTest does not declare any static, non-private, non-final, nested classes annotated with @Configuration.
2025-04-10 23:02:07 - Found @SpringBootConfiguration net.engineeringdigest.journalApp.JournalApplication for test class net.engineeringdigest.journalApp.UserShedulerTest.UserShedulerTest
2025-04-10 23:02:07 - Restart disabled due to context in which it is running
2025-04-10 23:02:07 - Starting UserShedulerTest using Java 21.0.6 with PID 56688 (started by pushpakjangela in /Users/pushpakjangela/Downloads/journal/JournalApp)
2025-04-10 23:02:07 - Running with Spring Boot v3.3.8, Spring v6.1.16
2025-04-10 23:02:07 - The following 1 profile is active: "dev"
2025-04-10 23:02:07 - Bootstrapping Spring Data MongoDB repositories in DEFAULT mode.
2025-04-10 23:02:07 - Finished Spring Data repository scanning in 16 ms. Found 3 MongoDB repository interfaces.
2025-04-10 23:02:07 - MongoClient with metadata {"driver": {"name": "mongo-java-driver|sync|spring-boot", "version": "5.0.1"}, "os": {"type": "Darwin", "name": "Mac OS X", "architecture": "aarch64", "version": "15.3.2"}, "platform": "Java/Oracle Corporation/21.0.6+8-LTS-188"} created with settings MongoClientSettings{readPreference=primary, writeConcern=WriteConcern{w=null, wTimeout=null ms, journal=null}, retryWrites=true, retryReads=true, readConcern=ReadConcern{level=null}, credential=MongoCredential{mechanism=null, userName='pushpakjangela', source='admin', password=<hidden>, mechanismProperties=<hidden>}, transportSettings=null, commandListeners=[], codecRegistry=ProvidersCodecRegistry{codecProviders=[ValueCodecProvider{}, BsonValueCodecProvider{}, DBRefCodecProvider{}, DBObjectCodecProvider{}, DocumentCodecProvider{}, CollectionCodecProvider{}, IterableCodecProvider{}, MapCodecProvider{}, GeoJsonCodecProvider{}, GridFSFileCodecProvider{}, Jsr310CodecProvider{}, JsonObjectCodecProvider{}, BsonCodecProvider{}, EnumCodecProvider{}, com.mongodb.client.model.mql.ExpressionCodecProvider@3b5a19ed, com.mongodb.Jep395RecordCodecProvider@15d236fd, com.mongodb.KotlinCodecProvider@6b9c42bd]}, loggerSettings=LoggerSettings{maxDocumentLength=1000}, clusterSettings={hosts=[127.0.0.1:27017], srvHost=pushpak.hpo8o.mongodb.net, srvServiceName=mongodb, mode=MULTIPLE, requiredClusterType=REPLICA_SET, requiredReplicaSetName='atlas-ty4kjk-shard-0', serverSelector='null', clusterListeners='[]', serverSelectionTimeout='30000 ms', localThreshold='15 ms'}, socketSettings=SocketSettings{connectTimeoutMS=10000, readTimeoutMS=0, receiveBufferSize=0, proxySettings=ProxySettings{host=null, port=null, username=null, password=null}}, heartbeatSocketSettings=SocketSettings{connectTimeoutMS=10000, readTimeoutMS=10000, receiveBufferSize=0, proxySettings=ProxySettings{host=null, port=null, username=null, password=null}}, connectionPoolSettings=ConnectionPoolSettings{maxSize=100, minSize=0, maxWaitTimeMS=120000, maxConnectionLifeTimeMS=0, maxConnectionIdleTimeMS=0, maintenanceInitialDelayMS=0, maintenanceFrequencyMS=60000, connectionPoolListeners=[], maxConnecting=2}, serverSettings=ServerSettings{heartbeatFrequencyMS=10000, minHeartbeatFrequencyMS=500, serverListeners='[]', serverMonitorListeners='[]'}, sslSettings=SslSettings{enabled=true, invalidHostNameAllowed=false, context=null}, applicationName='null', compressorList=[], uuidRepresentation=JAVA_LEGACY, serverApi=null, autoEncryptionSettings=null, dnsClient=null, inetAddressResolver=null, contextProvider=null}
2025-04-10 23:02:07 - Adding discovered server pushpak-shard-00-01.hpo8o.mongodb.net:27017 to client view of cluster
2025-04-10 23:02:07 - Adding discovered server pushpak-shard-00-02.hpo8o.mongodb.net:27017 to client view of cluster
2025-04-10 23:02:07 - Adding discovered server pushpak-shard-00-00.hpo8o.mongodb.net:27017 to client view of cluster
2025-04-10 23:02:07 - Waiting for server to become available for operation with ID 1. Remaining time: 30000 ms. Selector: WritableServerSelector, topology description: {type=REPLICA_SET, servers=[{address=pushpak-shard-00-02.hpo8o.mongodb.net:27017, type=UNKNOWN, state=CONNECTING}, {address=pushpak-shard-00-01.hpo8o.mongodb.net:27017, type=UNKNOWN, state=CONNECTING}, {address=pushpak-shard-00-00.hpo8o.mongodb.net:27017, type=UNKNOWN, state=CONNECTING}].
2025-04-10 23:02:08 - Monitor thread successfully connected to server with description ServerDescription{address=pushpak-shard-00-02.hpo8o.mongodb.net:27017, type=REPLICA_SET_PRIMARY, state=CONNECTED, ok=true, minWireVersion=0, maxWireVersion=25, maxDocumentSize=16777216, logicalSessionTimeoutMinutes=30, roundTripTimeNanos=168116166, setName='atlas-ty4kjk-shard-0', canonicalAddress=pushpak-shard-00-02.hpo8o.mongodb.net:27017, hosts=[pushpak-shard-00-01.hpo8o.mongodb.net:27017, pushpak-shard-00-02.hpo8o.mongodb.net:27017, pushpak-shard-00-00.hpo8o.mongodb.net:27017], passives=[], arbiters=[], primary='pushpak-shard-00-02.hpo8o.mongodb.net:27017', tagSet=TagSet{[Tag{name='availabilityZone', value='aps1-az2'}, Tag{name='diskState', value='READY'}, Tag{name='nodeType', value='ELECTABLE'}, Tag{name='provider', value='AWS'}, Tag{name='region', value='AP_SOUTH_1'}, Tag{name='workloadType', value='OPERATIONAL'}]}, electionId=7fffffff0000000000000061, setVersion=1, topologyVersion=TopologyVersion{processId=67f7c52682ef3652fda2fdb3, counter=6}, lastWriteDate=Thu Apr 10 23:02:04 IST 2025, lastUpdateTimeNanos=74044925163041}
2025-04-10 23:02:08 - Monitor thread successfully connected to server with description ServerDescription{address=pushpak-shard-00-01.hpo8o.mongodb.net:27017, type=REPLICA_SET_SECONDARY, state=CONNECTED, ok=true, minWireVersion=0, maxWireVersion=25, maxDocumentSize=16777216, logicalSessionTimeoutMinutes=30, roundTripTimeNanos=141577792, setName='atlas-ty4kjk-shard-0', canonicalAddress=pushpak-shard-00-01.hpo8o.mongodb.net:27017, hosts=[pushpak-shard-00-01.hpo8o.mongodb.net:27017, pushpak-shard-00-02.hpo8o.mongodb.net:27017, pushpak-shard-00-00.hpo8o.mongodb.net:27017], passives=[], arbiters=[], primary='pushpak-shard-00-02.hpo8o.mongodb.net:27017', tagSet=TagSet{[Tag{name='availabilityZone', value='aps1-az3'}, Tag{name='diskState', value='READY'}, Tag{name='nodeType', value='ELECTABLE'}, Tag{name='provider', value='AWS'}, Tag{name='region', value='AP_SOUTH_1'}, Tag{name='workloadType', value='OPERATIONAL'}]}, electionId=null, setVersion=1, topologyVersion=TopologyVersion{processId=67f7c66ca220cac1770752b8, counter=3}, lastWriteDate=Thu Apr 10 23:02:04 IST 2025, lastUpdateTimeNanos=74044925163041}
2025-04-10 23:02:08 - Monitor thread successfully connected to server with description ServerDescription{address=pushpak-shard-00-00.hpo8o.mongodb.net:27017, type=REPLICA_SET_SECONDARY, state=CONNECTED, ok=true, minWireVersion=0, maxWireVersion=25, maxDocumentSize=16777216, logicalSessionTimeoutMinutes=30, roundTripTimeNanos=126833000, setName='atlas-ty4kjk-shard-0', canonicalAddress=pushpak-shard-00-00.hpo8o.mongodb.net:27017, hosts=[pushpak-shard-00-01.hpo8o.mongodb.net:27017, pushpak-shard-00-02.hpo8o.mongodb.net:27017, pushpak-shard-00-00.hpo8o.mongodb.net:27017], passives=[], arbiters=[], primary='pushpak-shard-00-02.hpo8o.mongodb.net:27017', tagSet=TagSet{[Tag{name='availabilityZone', value='aps1-az1'}, Tag{name='diskState', value='READY'}, Tag{name='nodeType', value='ELECTABLE'}, Tag{name='provider', value='AWS'}, Tag{name='region', value='AP_SOUTH_1'}, Tag{name='workloadType', value='OPERATIONAL'}]}, electionId=null, setVersion=1, topologyVersion=TopologyVersion{processId=67f7c42af6425f7377ef428a, counter=4}, lastWriteDate=Thu Apr 10 23:02:04 GMT+05:30 2025, lastUpdateTimeNanos=74044925163041}
2025-04-10 23:02:08 - Discovered replica set primary pushpak-shard-00-02.hpo8o.mongodb.net:27017 with max election id 7fffffff0000000000000061 and max set version 1
2025-04-10 23:02:08 - Global AuthenticationManager configured with UserDetailsService bean with name userDetailsServiceIml
2025-04-10 23:02:08 - Started UserShedulerTest in 1.541 seconds (process running for 2.013)
2025-04-10 23:02:12 - Unexpected error occurred in scheduled task
java.lang.ClassCastException: class java.util.stream.ReferencePipeline$3 cannot be cast to class java.util.List (java.util.stream.ReferencePipeline$3 and java.util.List are in module java.base of loader 'bootstrap')
	at net.engineeringdigest.journalApp.sheduler.UserSheduler.fetchUserAndSendMail(UserSheduler.java:41)
	at java.base/jdk.internal.reflect.DirectMethodHandleAccessor.invoke(DirectMethodHandleAccessor.java:103)
	at java.base/java.lang.reflect.Method.invoke(Method.java:580)
	at org.springframework.scheduling.support.ScheduledMethodRunnable.runInternal(ScheduledMethodRunnable.java:130)
	at org.springframework.scheduling.support.ScheduledMethodRunnable.lambda$run$2(ScheduledMethodRunnable.java:124)
	at io.micrometer.observation.Observation.observe(Observation.java:499)
	at org.springframework.scheduling.support.ScheduledMethodRunnable.run(ScheduledMethodRunnable.java:124)
	at org.springframework.scheduling.support.DelegatingErrorHandlingRunnable.run(DelegatingErrorHandlingRunnable.java:54)
	at org.springframework.scheduling.concurrent.ReschedulingRunnable.run(ReschedulingRunnable.java:96)
	at java.base/java.util.concurrent.Executors$RunnableAdapter.call(Executors.java:572)
	at java.base/java.util.concurrent.FutureTask.run$$$capture(FutureTask.java:317)
	at java.base/java.util.concurrent.FutureTask.run(FutureTask.java)
	at java.base/java.util.concurrent.ScheduledThreadPoolExecutor$ScheduledFutureTask.run(ScheduledThreadPoolExecutor.java:304)
	at java.base/java.util.concurrent.ThreadPoolExecutor.runWorker(ThreadPoolExecutor.java:1144)
	at java.base/java.util.concurrent.ThreadPoolExecutor$Worker.run(ThreadPoolExecutor.java:642)
	at java.base/java.lang.Thread.run(Thread.java:1583)
2025-04-10 23:02:15 - Unexpected error occurred in scheduled task
java.lang.ClassCastException: class java.util.stream.ReferencePipeline$3 cannot be cast to class java.util.List (java.util.stream.ReferencePipeline$3 and java.util.List are in module java.base of loader 'bootstrap')
	at net.engineeringdigest.journalApp.sheduler.UserSheduler.fetchUserAndSendMail(UserSheduler.java:41)
	at java.base/jdk.internal.reflect.DirectMethodHandleAccessor.invoke(DirectMethodHandleAccessor.java:103)
	at java.base/java.lang.reflect.Method.invoke(Method.java:580)
	at org.springframework.scheduling.support.ScheduledMethodRunnable.runInternal(ScheduledMethodRunnable.java:130)
	at org.springframework.scheduling.support.ScheduledMethodRunnable.lambda$run$2(ScheduledMethodRunnable.java:124)
	at io.micrometer.observation.Observation.observe(Observation.java:499)
	at org.springframework.scheduling.support.ScheduledMethodRunnable.run(ScheduledMethodRunnable.java:124)
	at org.springframework.scheduling.support.DelegatingErrorHandlingRunnable.run(DelegatingErrorHandlingRunnable.java:54)
	at org.springframework.scheduling.concurrent.ReschedulingRunnable.run(ReschedulingRunnable.java:96)
	at java.base/java.util.concurrent.Executors$RunnableAdapter.call(Executors.java:572)
	at java.base/java.util.concurrent.FutureTask.run$$$capture(FutureTask.java:317)
	at java.base/java.util.concurrent.FutureTask.run(FutureTask.java)
	at java.base/java.util.concurrent.ScheduledThreadPoolExecutor$ScheduledFutureTask.run(ScheduledThreadPoolExecutor.java:304)
	at java.base/java.util.concurrent.ThreadPoolExecutor.runWorker(ThreadPoolExecutor.java:1144)
	at java.base/java.util.concurrent.ThreadPoolExecutor$Worker.run(ThreadPoolExecutor.java:642)
	at java.base/java.lang.Thread.run(Thread.java:1583)
2025-04-10 23:02:26 - Unexpected error occurred in scheduled task
java.lang.ClassCastException: class java.util.stream.ReferencePipeline$3 cannot be cast to class java.util.List (java.util.stream.ReferencePipeline$3 and java.util.List are in module java.base of loader 'bootstrap')
	at net.engineeringdigest.journalApp.sheduler.UserSheduler.fetchUserAndSendMail(UserSheduler.java:41)
	at java.base/jdk.internal.reflect.DirectMethodHandleAccessor.invoke(DirectMethodHandleAccessor.java:103)
	at java.base/java.lang.reflect.Method.invoke(Method.java:580)
	at org.springframework.scheduling.support.ScheduledMethodRunnable.runInternal(ScheduledMethodRunnable.java:130)
	at org.springframework.scheduling.support.ScheduledMethodRunnable.lambda$run$2(ScheduledMethodRunnable.java:124)
	at io.micrometer.observation.Observation.observe(Observation.java:499)
	at org.springframework.scheduling.support.ScheduledMethodRunnable.run(ScheduledMethodRunnable.java:124)
	at org.springframework.scheduling.support.DelegatingErrorHandlingRunnable.run(DelegatingErrorHandlingRunnable.java:54)
	at org.springframework.scheduling.concurrent.ReschedulingRunnable.run(ReschedulingRunnable.java:96)
	at java.base/java.util.concurrent.Executors$RunnableAdapter.call(Executors.java:572)
	at java.base/java.util.concurrent.FutureTask.run$$$capture(FutureTask.java:317)
	at java.base/java.util.concurrent.FutureTask.run(FutureTask.java)
	at java.base/java.util.concurrent.ScheduledThreadPoolExecutor$ScheduledFutureTask.run(ScheduledThreadPoolExecutor.java:304)
	at java.base/java.util.concurrent.ThreadPoolExecutor.runWorker(ThreadPoolExecutor.java:1144)
	at java.base/java.util.concurrent.ThreadPoolExecutor$Worker.run(ThreadPoolExecutor.java:642)
	at java.base/java.lang.Thread.run(Thread.java:1583)
2025-04-10 23:02:31 - Unexpected error occurred in scheduled task
java.lang.ClassCastException: class java.util.stream.ReferencePipeline$3 cannot be cast to class java.util.List (java.util.stream.ReferencePipeline$3 and java.util.List are in module java.base of loader 'bootstrap')
	at net.engineeringdigest.journalApp.sheduler.UserSheduler.fetchUserAndSendMail(UserSheduler.java:41)
	at java.base/jdk.internal.reflect.DirectMethodHandleAccessor.invoke(DirectMethodHandleAccessor.java:103)
	at java.base/java.lang.reflect.Method.invoke(Method.java:580)
	at org.springframework.scheduling.support.ScheduledMethodRunnable.runInternal(ScheduledMethodRunnable.java:130)
	at org.springframework.scheduling.support.ScheduledMethodRunnable.lambda$run$2(ScheduledMethodRunnable.java:124)
	at io.micrometer.observation.Observation.observe(Observation.java:499)
	at org.springframework.scheduling.support.ScheduledMethodRunnable.run(ScheduledMethodRunnable.java:124)
	at org.springframework.scheduling.support.DelegatingErrorHandlingRunnable.run(DelegatingErrorHandlingRunnable.java:54)
	at org.springframework.scheduling.concurrent.ReschedulingRunnable.run(ReschedulingRunnable.java:96)
	at java.base/java.util.concurrent.Executors$RunnableAdapter.call(Executors.java:572)
	at java.base/java.util.concurrent.FutureTask.run$$$capture(FutureTask.java:317)
	at java.base/java.util.concurrent.FutureTask.run(FutureTask.java)
	at java.base/java.util.concurrent.ScheduledThreadPoolExecutor$ScheduledFutureTask.run(ScheduledThreadPoolExecutor.java:304)
	at java.base/java.util.concurrent.ThreadPoolExecutor.runWorker(ThreadPoolExecutor.java:1144)
	at java.base/java.util.concurrent.ThreadPoolExecutor$Worker.run(ThreadPoolExecutor.java:642)
	at java.base/java.lang.Thread.run(Thread.java:1583)
