2025-04-17 17:49:46 - Could not detect default configuration classes for test class [net.engineeringdigest.journalApp.repository.UserRepositoryImplTest]: UserRepositoryImplTest does not declare any static, non-private, non-final, nested classes annotated with @Configuration.
2025-04-17 17:49:46 - Found @SpringBootConfiguration net.engineeringdigest.journalApp.JournalApplication for test class net.engineeringdigest.journalApp.repository.UserRepositoryImplTest
2025-04-17 17:49:46 - Restart disabled due to context in which it is running
2025-04-17 17:49:46 - Starting UserRepositoryImplTest using Java 21.0.6 with PID 6610 (started by pushpakjangela in /Users/pushpakjangela/Downloads/journal/JournalApp)
2025-04-17 17:49:46 - Running with Spring Boot v3.3.8, Spring v6.1.16
2025-04-17 17:49:46 - The following 1 profile is active: "dev"
2025-04-17 17:49:46 - Multiple Spring Data modules found, entering strict repository configuration mode
2025-04-17 17:49:46 - Bootstrapping Spring Data MongoDB repositories in DEFAULT mode.
2025-04-17 17:49:46 - Finished Spring Data repository scanning in 43 ms. Found 3 MongoDB repository interfaces.
2025-04-17 17:49:46 - Multiple Spring Data modules found, entering strict repository configuration mode
2025-04-17 17:49:46 - Bootstrapping Spring Data Redis repositories in DEFAULT mode.
2025-04-17 17:49:46 - Spring Data Redis - Could not safely identify store assignment for repository candidate interface net.engineeringdigest.journalApp.repository.ConfigJournalAppRepository; If you want this repository to be a Redis repository, consider annotating your entities with one of these annotations: org.springframework.data.redis.core.RedisHash (preferred), or consider extending one of the following types with your repository: org.springframework.data.keyvalue.repository.KeyValueRepository
2025-04-17 17:49:46 - Spring Data Redis - Could not safely identify store assignment for repository candidate interface net.engineeringdigest.journalApp.repository.JournalEntryRepository; If you want this repository to be a Redis repository, consider annotating your entities with one of these annotations: org.springframework.data.redis.core.RedisHash (preferred), or consider extending one of the following types with your repository: org.springframework.data.keyvalue.repository.KeyValueRepository
2025-04-17 17:49:46 - Spring Data Redis - Could not safely identify store assignment for repository candidate interface net.engineeringdigest.journalApp.repository.UserRepository; If you want this repository to be a Redis repository, consider annotating your entities with one of these annotations: org.springframework.data.redis.core.RedisHash (preferred), or consider extending one of the following types with your repository: org.springframework.data.keyvalue.repository.KeyValueRepository
2025-04-17 17:49:46 - Finished Spring Data repository scanning in 2 ms. Found 0 Redis repository interfaces.
2025-04-17 17:49:47 - MongoClient with metadata {"driver": {"name": "mongo-java-driver|sync|spring-boot", "version": "5.0.1"}, "os": {"type": "Darwin", "name": "Mac OS X", "architecture": "aarch64", "version": "15.3.2"}, "platform": "Java/Oracle Corporation/21.0.6+8-LTS-188"} created with settings MongoClientSettings{readPreference=primary, writeConcern=WriteConcern{w=null, wTimeout=null ms, journal=null}, retryWrites=true, retryReads=true, readConcern=ReadConcern{level=null}, credential=MongoCredential{mechanism=null, userName='pushpakjangela', source='admin', password=<hidden>, mechanismProperties=<hidden>}, transportSettings=null, commandListeners=[], codecRegistry=ProvidersCodecRegistry{codecProviders=[ValueCodecProvider{}, BsonValueCodecProvider{}, DBRefCodecProvider{}, DBObjectCodecProvider{}, DocumentCodecProvider{}, CollectionCodecProvider{}, IterableCodecProvider{}, MapCodecProvider{}, GeoJsonCodecProvider{}, GridFSFileCodecProvider{}, Jsr310CodecProvider{}, JsonObjectCodecProvider{}, BsonCodecProvider{}, EnumCodecProvider{}, com.mongodb.client.model.mql.ExpressionCodecProvider@19002b34, com.mongodb.Jep395RecordCodecProvider@1ec88aa1, com.mongodb.KotlinCodecProvider@3e6748ae]}, loggerSettings=LoggerSettings{maxDocumentLength=1000}, clusterSettings={hosts=[127.0.0.1:27017], srvHost=pushpak.hpo8o.mongodb.net, srvServiceName=mongodb, mode=MULTIPLE, requiredClusterType=REPLICA_SET, requiredReplicaSetName='atlas-ty4kjk-shard-0', serverSelector='null', clusterListeners='[]', serverSelectionTimeout='30000 ms', localThreshold='15 ms'}, socketSettings=SocketSettings{connectTimeoutMS=10000, readTimeoutMS=0, receiveBufferSize=0, proxySettings=ProxySettings{host=null, port=null, username=null, password=null}}, heartbeatSocketSettings=SocketSettings{connectTimeoutMS=10000, readTimeoutMS=10000, receiveBufferSize=0, proxySettings=ProxySettings{host=null, port=null, username=null, password=null}}, connectionPoolSettings=ConnectionPoolSettings{maxSize=100, minSize=0, maxWaitTimeMS=120000, maxConnectionLifeTimeMS=0, maxConnectionIdleTimeMS=0, maintenanceInitialDelayMS=0, maintenanceFrequencyMS=60000, connectionPoolListeners=[], maxConnecting=2}, serverSettings=ServerSettings{heartbeatFrequencyMS=10000, minHeartbeatFrequencyMS=500, serverListeners='[]', serverMonitorListeners='[]'}, sslSettings=SslSettings{enabled=true, invalidHostNameAllowed=false, context=null}, applicationName='null', compressorList=[], uuidRepresentation=JAVA_LEGACY, serverApi=null, autoEncryptionSettings=null, dnsClient=null, inetAddressResolver=null, contextProvider=null}
2025-04-17 17:49:47 - Adding discovered server pushpak-shard-00-01.hpo8o.mongodb.net:27017 to client view of cluster
2025-04-17 17:49:47 - Adding discovered server pushpak-shard-00-02.hpo8o.mongodb.net:27017 to client view of cluster
2025-04-17 17:49:47 - Adding discovered server pushpak-shard-00-00.hpo8o.mongodb.net:27017 to client view of cluster
2025-04-17 17:49:47 - Waiting for server to become available for operation with ID 1. Remaining time: 30000 ms. Selector: WritableServerSelector, topology description: {type=REPLICA_SET, servers=[{address=pushpak-shard-00-02.hpo8o.mongodb.net:27017, type=UNKNOWN, state=CONNECTING}, {address=pushpak-shard-00-01.hpo8o.mongodb.net:27017, type=UNKNOWN, state=CONNECTING}, {address=pushpak-shard-00-00.hpo8o.mongodb.net:27017, type=UNKNOWN, state=CONNECTING}].
2025-04-17 17:49:47 - Monitor thread successfully connected to server with description ServerDescription{address=pushpak-shard-00-01.hpo8o.mongodb.net:27017, type=REPLICA_SET_SECONDARY, state=CONNECTED, ok=true, minWireVersion=0, maxWireVersion=25, maxDocumentSize=16777216, logicalSessionTimeoutMinutes=30, roundTripTimeNanos=134071791, setName='atlas-ty4kjk-shard-0', canonicalAddress=pushpak-shard-00-01.hpo8o.mongodb.net:27017, hosts=[pushpak-shard-00-01.hpo8o.mongodb.net:27017, pushpak-shard-00-02.hpo8o.mongodb.net:27017, pushpak-shard-00-00.hpo8o.mongodb.net:27017], passives=[], arbiters=[], primary='pushpak-shard-00-02.hpo8o.mongodb.net:27017', tagSet=TagSet{[Tag{name='availabilityZone', value='aps1-az3'}, Tag{name='diskState', value='READY'}, Tag{name='nodeType', value='ELECTABLE'}, Tag{name='provider', value='AWS'}, Tag{name='region', value='AP_SOUTH_1'}, Tag{name='workloadType', value='OPERATIONAL'}]}, electionId=null, setVersion=1, topologyVersion=TopologyVersion{processId=67fdfe73d8255fa7f3f4ba91, counter=3}, lastWriteDate=Thu Apr 17 17:49:47 IST 2025, lastUpdateTimeNanos=5652865804000}
2025-04-17 17:49:47 - Monitor thread successfully connected to server with description ServerDescription{address=pushpak-shard-00-00.hpo8o.mongodb.net:27017, type=REPLICA_SET_SECONDARY, state=CONNECTED, ok=true, minWireVersion=0, maxWireVersion=25, maxDocumentSize=16777216, logicalSessionTimeoutMinutes=30, roundTripTimeNanos=130415541, setName='atlas-ty4kjk-shard-0', canonicalAddress=pushpak-shard-00-00.hpo8o.mongodb.net:27017, hosts=[pushpak-shard-00-01.hpo8o.mongodb.net:27017, pushpak-shard-00-02.hpo8o.mongodb.net:27017, pushpak-shard-00-00.hpo8o.mongodb.net:27017], passives=[], arbiters=[], primary='pushpak-shard-00-02.hpo8o.mongodb.net:27017', tagSet=TagSet{[Tag{name='availabilityZone', value='aps1-az1'}, Tag{name='diskState', value='READY'}, Tag{name='nodeType', value='ELECTABLE'}, Tag{name='provider', value='AWS'}, Tag{name='region', value='AP_SOUTH_1'}, Tag{name='workloadType', value='OPERATIONAL'}]}, electionId=null, setVersion=1, topologyVersion=TopologyVersion{processId=67fdfbd46d6a272aa9308ada, counter=4}, lastWriteDate=Thu Apr 17 17:49:47 IST 2025, lastUpdateTimeNanos=5652865807500}
2025-04-17 17:49:47 - Monitor thread successfully connected to server with description ServerDescription{address=pushpak-shard-00-02.hpo8o.mongodb.net:27017, type=REPLICA_SET_PRIMARY, state=CONNECTED, ok=true, minWireVersion=0, maxWireVersion=25, maxDocumentSize=16777216, logicalSessionTimeoutMinutes=30, roundTripTimeNanos=135735833, setName='atlas-ty4kjk-shard-0', canonicalAddress=pushpak-shard-00-02.hpo8o.mongodb.net:27017, hosts=[pushpak-shard-00-01.hpo8o.mongodb.net:27017, pushpak-shard-00-02.hpo8o.mongodb.net:27017, pushpak-shard-00-00.hpo8o.mongodb.net:27017], passives=[], arbiters=[], primary='pushpak-shard-00-02.hpo8o.mongodb.net:27017', tagSet=TagSet{[Tag{name='availabilityZone', value='aps1-az2'}, Tag{name='diskState', value='READY'}, Tag{name='nodeType', value='ELECTABLE'}, Tag{name='provider', value='AWS'}, Tag{name='region', value='AP_SOUTH_1'}, Tag{name='workloadType', value='OPERATIONAL'}]}, electionId=7fffffff0000000000000069, setVersion=1, topologyVersion=TopologyVersion{processId=67fdfd25684f754259eea5b3, counter=6}, lastWriteDate=Thu Apr 17 17:49:47 GMT+05:30 2025, lastUpdateTimeNanos=5652865807500}
2025-04-17 17:49:47 - Discovered replica set primary pushpak-shard-00-02.hpo8o.mongodb.net:27017 with max election id 7fffffff0000000000000069 and max set version 1
2025-04-17 17:49:47 - Global AuthenticationManager configured with UserDetailsService bean with name userDetailsServiceIml
2025-04-17 17:49:48 - Started UserRepositoryImplTest in 1.36 seconds (process running for 1.689)
2025-04-17 17:49:48 - Could not detect default configuration classes for test class [net.engineeringdigest.journalApp.UserShedulerTest.UserShedulerTest]: UserShedulerTest does not declare any static, non-private, non-final, nested classes annotated with @Configuration.
2025-04-17 17:49:48 - Found @SpringBootConfiguration net.engineeringdigest.journalApp.JournalApplication for test class net.engineeringdigest.journalApp.UserShedulerTest.UserShedulerTest
2025-04-17 17:49:48 - :User  jangela, Total Journal Entries: 1
2025-04-17 17:49:48 - Mapped Sentiments: []
2025-04-17 17:49:48 - :User  chintu, Total Journal Entries: 3
2025-04-17 17:49:48 - Mapped Sentiments: [SAD, HAPPY, HAPPY]
2025-04-17 17:49:48 - Most frequent sentiment: HAPPY
2025-04-17 17:49:53 - :User  mintu, Total Journal Entries: 1
2025-04-17 17:49:53 - Mapped Sentiments: [HAPPY]
2025-04-17 17:49:53 - Most frequent sentiment: HAPPY
2025-04-17 17:49:56 - Could not detect default configuration classes for test class [net.engineeringdigest.journalApp.JournalAppApplicationTest]: JournalAppApplicationTest does not declare any static, non-private, non-final, nested classes annotated with @Configuration.
2025-04-17 17:49:56 - Found @SpringBootConfiguration net.engineeringdigest.journalApp.JournalApplication for test class net.engineeringdigest.journalApp.JournalAppApplicationTest
2025-04-17 17:49:56 - Could not detect default configuration classes for test class [net.engineeringdigest.journalApp.service.RedisTest]: RedisTest does not declare any static, non-private, non-final, nested classes annotated with @Configuration.
2025-04-17 17:49:56 - Found @SpringBootConfiguration net.engineeringdigest.journalApp.JournalApplication for test class net.engineeringdigest.journalApp.service.RedisTest
2025-04-17 17:49:56 - Could not detect default configuration classes for test class [net.engineeringdigest.journalApp.service.EmailServiceTests]: EmailServiceTests does not declare any static, non-private, non-final, nested classes annotated with @Configuration.
2025-04-17 17:49:56 - Found @SpringBootConfiguration net.engineeringdigest.journalApp.JournalApplication for test class net.engineeringdigest.journalApp.service.EmailServiceTests
